{"C:\\Users\\user\\Desktop\\Proyectos\\ingenias-Backend\\modulo2\\Clase17\\mocha-chai-istanbul\\src\\index.js":{"path":"C:\\Users\\user\\Desktop\\Proyectos\\ingenias-Backend\\modulo2\\Clase17\\mocha-chai-istanbul\\src\\index.js","s":{"1":1,"2":3,"3":1,"4":3,"5":1,"6":3,"7":1,"8":1,"9":11,"10":1},"b":{},"f":{"1":3,"2":1,"3":1,"4":1},"fnMap":{"1":{"name":"(anonymous_1)","line":1,"loc":{"start":{"line":1,"column":17},"end":{"line":1,"column":29}}},"2":{"name":"(anonymous_2)","line":2,"loc":{"start":{"line":2,"column":13},"end":{"line":2,"column":29}}},"3":{"name":"(anonymous_3)","line":7,"loc":{"start":{"line":7,"column":18},"end":{"line":7,"column":34}}},"4":{"name":"(anonymous_4)","line":11,"loc":{"start":{"line":11,"column":19},"end":{"line":11,"column":37}}}},"statementMap":{"1":{"start":{"line":1,"column":0},"end":{"line":18,"column":2}},"2":{"start":{"line":2,"column":2},"end":{"line":5,"column":4}},"3":{"start":{"line":3,"column":4},"end":{"line":3,"column":17}},"4":{"start":{"line":7,"column":2},"end":{"line":9,"column":4}},"5":{"start":{"line":8,"column":4},"end":{"line":8,"column":17}},"6":{"start":{"line":11,"column":2},"end":{"line":17,"column":4}},"7":{"start":{"line":12,"column":4},"end":{"line":12,"column":26}},"8":{"start":{"line":13,"column":4},"end":{"line":15,"column":5}},"9":{"start":{"line":14,"column":6},"end":{"line":14,"column":54}},"10":{"start":{"line":16,"column":4},"end":{"line":16,"column":20}}},"branchMap":{}}}